Arguments: 
  C:\Program Files (x86)\nodejs\node.exe C:\Users\matheus.macedo\AppData\Roaming\npm\node_modules\yarn\bin\yarn.js

PATH: 
  C:\Windows\system32;C:\Windows;C:\Windows\System32\Wbem;C:\Windows\System32\WindowsPowerShell\v1.0\;C:\Windows\System32\OpenSSH\;C:\Program Files (x86)\ATI Technologies\ATI.ACE\Core-Static;C:\Program Files (x86)\nodejs\;C:\Users\matheus.macedo\AppData\Local\Microsoft\WindowsApps;C:\Users\matheus.macedo\AppData\Local\Programs\Git\cmd;C:\Users\matheus.macedo\AppData\Local\Programs\Microsoft VS Code\bin;C:\Users\matheus.macedo\AppData\Roaming\npm;C:\Program Files (x86)\vtex\bin

Yarn version: 
  1.22.19

Node version: 
  18.18.0

Platform: 
  win32 ia32

Trace: 
  SyntaxError: C:\Users\matheus.macedo\Desktop\vtex-io\fastobra\store-theme\react\package.json: Unexpected end of JSON input
      at JSON.parse (<anonymous>)
      at C:\Users\matheus.macedo\AppData\Roaming\npm\node_modules\yarn\lib\cli.js:1629:59
      at Generator.next (<anonymous>)
      at step (C:\Users\matheus.macedo\AppData\Roaming\npm\node_modules\yarn\lib\cli.js:310:30)
      at C:\Users\matheus.macedo\AppData\Roaming\npm\node_modules\yarn\lib\cli.js:321:13

npm manifest: 
  

yarn manifest: 
  No manifest

Lockfile: 
  No lockfile
